<?xml version="1.0" encoding="UTF-8"?>
<testng-results ignored="0" total="1" passed="1" failed="0" skipped="0">
  <reporter-output>
  </reporter-output>
  <suite started-at="2023-06-29T22:40:29 IST" name="Default suite" finished-at="2023-06-29T22:41:55 IST" duration-ms="85884">
    <groups>
    </groups>
    <test started-at="2023-06-29T22:40:29 IST" name="Default test" finished-at="2023-06-29T22:41:55 IST" duration-ms="85884">
      <class name="testPages.AdminPageTest">
        <test-method is-config="true" signature="initiate()[pri:0, instance:testPages.AdminPageTest@663c9e7a]" started-at="2023-06-29T22:40:29 IST" name="initiate" finished-at="2023-06-29T22:41:09 IST" duration-ms="40081" status="PASS">
          <reporter-output>
          </reporter-output>
        </test-method> <!-- initiate -->
        <test-method signature="checkCurrencyInAdmin()[pri:0, instance:testPages.AdminPageTest@663c9e7a]" started-at="2023-06-29T22:41:10 IST" name="checkCurrencyInAdmin" finished-at="2023-06-29T22:41:55 IST" duration-ms="45676" status="PASS">
          <reporter-output>
          </reporter-output>
        </test-method> <!-- checkCurrencyInAdmin -->
      </class> <!-- testPages.AdminPageTest -->
    </test> <!-- Default test -->
  </suite> <!-- Default suite -->
</testng-results>
